d:\dateien\studium\ss_15\ged\maiermo\gedgame\projects\terraingenerator\debug\stdafx.obj
d:\dateien\studium\ss_15\ged\maiermo\gedgame\projects\terraingenerator\debug\terraingenerator.obj
d:\dateien\studium\ss_15\ged\maiermo\gedgame\projects\terraingenerator\debug\vc110.pdb
d:\dateien\studium\ss_15\ged\maiermo\gedgame\projects\terraingenerator\debug\diamondsquare.obj
d:\dateien\studium\ss_15\ged\maiermo\gedgame\debug\terraingenerator.ilk
d:\dateien\studium\ss_15\ged\maiermo\gedgame\debug\terraingenerator.exe
d:\dateien\studium\ss_15\ged\maiermo\gedgame\debug\terraingenerator.pdb
d:\dateien\studium\ss_15\ged\maiermo\gedgame\projects\terraingenerator\debug\vc120.pdb
d:\dateien\studium\ss_15\ged\maiermo\gedgame\projects\terraingenerator\debug\vc120.idb
d:\dateien\studium\ss_15\ged\maiermo\gedgame_linker_error\projects\terraingenerator\debug\vc120.pdb
d:\dateien\studium\ss_15\ged\maiermo\gedgame_linker_error\projects\terraingenerator\debug\vc120.idb
d:\dateien\studium\ss_15\ged\maiermo\gedgame_linker_error\projects\terraingenerator\debug\diamondsquare.obj
d:\dateien\studium\ss_15\ged\maiermo\gedgame_linker_error\projects\terraingenerator\debug\stdafx.obj
d:\dateien\studium\ss_15\ged\maiermo\gedgame_linker_error\projects\terraingenerator\debug\terraingenerator.obj
d:\dateien\studium\ss_15\ged\maiermo\gedgame\projects\terraingenerator\debug\cl.command.1.tlog
d:\dateien\studium\ss_15\ged\maiermo\gedgame\projects\terraingenerator\debug\cl.read.1.tlog
d:\dateien\studium\ss_15\ged\maiermo\gedgame\projects\terraingenerator\debug\cl.write.1.tlog
d:\dateien\studium\ss_15\ged\maiermo\gedgame\projects\terraingenerator\debug\link-cvtres.read.1.tlog
d:\dateien\studium\ss_15\ged\maiermo\gedgame\projects\terraingenerator\debug\link-cvtres.write.1.tlog
d:\dateien\studium\ss_15\ged\maiermo\gedgame\projects\terraingenerator\debug\link-rc.read.1.tlog
d:\dateien\studium\ss_15\ged\maiermo\gedgame\projects\terraingenerator\debug\link-rc.write.1.tlog
d:\dateien\studium\ss_15\ged\maiermo\gedgame\projects\terraingenerator\debug\link.1444-cvtres.read.1.tlog
d:\dateien\studium\ss_15\ged\maiermo\gedgame\projects\terraingenerator\debug\link.1444-cvtres.write.1.tlog
d:\dateien\studium\ss_15\ged\maiermo\gedgame\projects\terraingenerator\debug\link.1444-rc.read.1.tlog
d:\dateien\studium\ss_15\ged\maiermo\gedgame\projects\terraingenerator\debug\link.1444-rc.write.1.tlog
d:\dateien\studium\ss_15\ged\maiermo\gedgame\projects\terraingenerator\debug\link.1444.read.1.tlog
d:\dateien\studium\ss_15\ged\maiermo\gedgame\projects\terraingenerator\debug\link.1444.write.1.tlog
d:\dateien\studium\ss_15\ged\maiermo\gedgame\projects\terraingenerator\debug\link.6368-cvtres.read.1.tlog
d:\dateien\studium\ss_15\ged\maiermo\gedgame\projects\terraingenerator\debug\link.6368-cvtres.write.1.tlog
d:\dateien\studium\ss_15\ged\maiermo\gedgame\projects\terraingenerator\debug\link.6368-rc.read.1.tlog
d:\dateien\studium\ss_15\ged\maiermo\gedgame\projects\terraingenerator\debug\link.6368-rc.write.1.tlog
d:\dateien\studium\ss_15\ged\maiermo\gedgame\projects\terraingenerator\debug\link.6368.read.1.tlog
d:\dateien\studium\ss_15\ged\maiermo\gedgame\projects\terraingenerator\debug\link.6368.read.2.tlog
d:\dateien\studium\ss_15\ged\maiermo\gedgame\projects\terraingenerator\debug\link.6368.write.1.tlog
d:\dateien\studium\ss_15\ged\maiermo\gedgame\projects\terraingenerator\debug\link.8136-cvtres.read.1.tlog
d:\dateien\studium\ss_15\ged\maiermo\gedgame\projects\terraingenerator\debug\link.8136-cvtres.write.1.tlog
d:\dateien\studium\ss_15\ged\maiermo\gedgame\projects\terraingenerator\debug\link.8136-rc.read.1.tlog
d:\dateien\studium\ss_15\ged\maiermo\gedgame\projects\terraingenerator\debug\link.8136-rc.write.1.tlog
d:\dateien\studium\ss_15\ged\maiermo\gedgame\projects\terraingenerator\debug\link.8136.read.1.tlog
d:\dateien\studium\ss_15\ged\maiermo\gedgame\projects\terraingenerator\debug\link.8136.read.2.tlog
d:\dateien\studium\ss_15\ged\maiermo\gedgame\projects\terraingenerator\debug\link.8136.write.1.tlog
d:\dateien\studium\ss_15\ged\maiermo\gedgame\projects\terraingenerator\debug\link.command.1.tlog
d:\dateien\studium\ss_15\ged\maiermo\gedgame\projects\terraingenerator\debug\link.read.1.tlog
d:\dateien\studium\ss_15\ged\maiermo\gedgame\projects\terraingenerator\debug\link.read.2.tlog
d:\dateien\studium\ss_15\ged\maiermo\gedgame\projects\terraingenerator\debug\link.write.1.tlog
d:\dateien\studium\ss_15\ged\maiermo\gedgame\projects\terraingenerator\debug\vc110.idb
d:\dateien\studium\ss_15\ged\maiermo\gedgame\projects\terraingenerator\debug\terraingenerator.tlog\cl.command.1.tlog
d:\dateien\studium\ss_15\ged\maiermo\gedgame\projects\terraingenerator\debug\terraingenerator.tlog\cl.read.1.tlog
d:\dateien\studium\ss_15\ged\maiermo\gedgame\projects\terraingenerator\debug\terraingenerator.tlog\cl.write.1.tlog
d:\dateien\studium\ss_15\ged\maiermo\gedgame\projects\terraingenerator\debug\terraingenerator.tlog\link-cvtres.read.1.tlog
d:\dateien\studium\ss_15\ged\maiermo\gedgame\projects\terraingenerator\debug\terraingenerator.tlog\link-cvtres.write.1.tlog
d:\dateien\studium\ss_15\ged\maiermo\gedgame\projects\terraingenerator\debug\terraingenerator.tlog\link-rc.read.1.tlog
d:\dateien\studium\ss_15\ged\maiermo\gedgame\projects\terraingenerator\debug\terraingenerator.tlog\link-rc.write.1.tlog
d:\dateien\studium\ss_15\ged\maiermo\gedgame\projects\terraingenerator\debug\terraingenerator.tlog\link.5604-cvtres.read.1.tlog
d:\dateien\studium\ss_15\ged\maiermo\gedgame\projects\terraingenerator\debug\terraingenerator.tlog\link.5604-cvtres.write.1.tlog
d:\dateien\studium\ss_15\ged\maiermo\gedgame\projects\terraingenerator\debug\terraingenerator.tlog\link.5604-rc.read.1.tlog
d:\dateien\studium\ss_15\ged\maiermo\gedgame\projects\terraingenerator\debug\terraingenerator.tlog\link.5604-rc.write.1.tlog
d:\dateien\studium\ss_15\ged\maiermo\gedgame\projects\terraingenerator\debug\terraingenerator.tlog\link.5604.read.1.tlog
d:\dateien\studium\ss_15\ged\maiermo\gedgame\projects\terraingenerator\debug\terraingenerator.tlog\link.5604.write.1.tlog
d:\dateien\studium\ss_15\ged\maiermo\gedgame\projects\terraingenerator\debug\terraingenerator.tlog\link.command.1.tlog
d:\dateien\studium\ss_15\ged\maiermo\gedgame\projects\terraingenerator\debug\terraingenerator.tlog\link.read.1.tlog
d:\dateien\studium\ss_15\ged\maiermo\gedgame\projects\terraingenerator\debug\terraingenerator.tlog\link.write.1.tlog
