Der Buildvorgang wurde am 03.05.2015 22:58:10 gestartet.
     1>Projekt "D:\Dateien\Studium\SS_15\GED\maiermo\GEDGame\projects\Effects11\Effects11_2012.vcxproj" auf Knoten "3", Build Ziel(e).
     1>ClCompile:
         D:\Programme\Andere\Visual Studio\VC\bin\CL.exe /c /I.\Binary /I.\Inc /ZI /nologo /W4 /WX- /Od /Oi /Oy- /D WIN32 /D _DEBUG /D DEBUG /D PROFILE /D _WINDOWS /D _LIB /D D3DXFX_LARGEADDRESS_HANDLE /D _WIN32_WINNT=0x0600 /D _UNICODE /D UNICODE /Gm- /EHsc /RTC1 /MDd /GS /arch:SSE2 /fp:fast /Zc:wchar_t /Zc:forScope /openmp- /Yc"pchfx.h" /Fp"Debug\Effects11.pch" /Fo"Debug\\" /Fd"Debug\Effects11.pdb" /Gd /TP /analyze- /errorReport:prompt  d3dxGlobal.cpp
         d3dxGlobal.cpp
         D:\Programme\Andere\Visual Studio\VC\bin\CL.exe /c /I.\Binary /I.\Inc /ZI /nologo /W4 /WX- /Od /Oi /Oy- /D WIN32 /D _DEBUG /D DEBUG /D PROFILE /D _WINDOWS /D _LIB /D D3DXFX_LARGEADDRESS_HANDLE /D _WIN32_WINNT=0x0600 /D _UNICODE /D UNICODE /Gm- /EHsc /RTC1 /MDd /GS /arch:SSE2 /fp:fast /Zc:wchar_t /Zc:forScope /openmp- /Yu"pchfx.h" /Fp"Debug\Effects11.pch" /Fo"Debug\\" /Fd"Debug\Effects11.pdb" /Gd /TP /analyze- /errorReport:prompt  EffectAPI.cpp EffectLoad.cpp EffectNonRuntime.cpp EffectReflection.cpp EffectRuntime.cpp
         EffectAPI.cpp
         EffectLoad.cpp
         EffectNonRuntime.cpp
         EffectReflection.cpp
         EffectRuntime.cpp
         Code wird generiert...
       Lib:
         D:\Programme\Andere\Visual Studio\VC\bin\Lib.exe /OUT:"D:\Dateien\Studium\SS_15\GED\maiermo\GEDGame\lib\Win32\Debug\Effects11.lib" /NOLOGO Debug\d3dxGlobal.obj
         Debug\EffectAPI.obj
         Debug\EffectLoad.obj
         Debug\EffectNonRuntime.obj
         Debug\EffectReflection.obj
         Debug\EffectRuntime.obj
         Effects11_2012.vcxproj -> D:\Dateien\Studium\SS_15\GED\maiermo\GEDGame\lib\Win32\Debug\Effects11.lib
     1>Die Erstellung des Projekts "D:\Dateien\Studium\SS_15\GED\maiermo\GEDGame\projects\Effects11\Effects11_2012.vcxproj" ist abgeschlossen, Build Ziel(e).

Build erfolgreich.

Verstrichene Zeit 00:00:04.80
