d:\dateien\studium\ss_15\ged\maiermo\gedgame\projects\directxtex\directxtex\debug\directxtex.pch
d:\dateien\studium\ss_15\ged\maiermo\gedgame\projects\directxtex\directxtex\debug\directxtex.pdb
d:\dateien\studium\ss_15\ged\maiermo\gedgame\projects\directxtex\directxtex\debug\directxtex.idb
d:\dateien\studium\ss_15\ged\maiermo\gedgame\projects\directxtex\directxtex\debug\directxtexutil.obj
d:\dateien\studium\ss_15\ged\maiermo\gedgame\projects\directxtex\directxtex\debug\directxtexwic.obj
d:\dateien\studium\ss_15\ged\maiermo\gedgame\projects\directxtex\directxtex\debug\directxtextga.obj
d:\dateien\studium\ss_15\ged\maiermo\gedgame\projects\directxtex\directxtex\debug\directxtexresize.obj
d:\dateien\studium\ss_15\ged\maiermo\gedgame\projects\directxtex\directxtex\debug\directxtexpmalpha.obj
d:\dateien\studium\ss_15\ged\maiermo\gedgame\projects\directxtex\directxtex\debug\directxtexnormalmaps.obj
d:\dateien\studium\ss_15\ged\maiermo\gedgame\projects\directxtex\directxtex\debug\directxtexmisc.obj
d:\dateien\studium\ss_15\ged\maiermo\gedgame\projects\directxtex\directxtex\debug\directxtexmipmaps.obj
d:\dateien\studium\ss_15\ged\maiermo\gedgame\projects\directxtex\directxtex\debug\directxteximage.obj
d:\dateien\studium\ss_15\ged\maiermo\gedgame\projects\directxtex\directxtex\debug\directxtexfliprotate.obj
d:\dateien\studium\ss_15\ged\maiermo\gedgame\projects\directxtex\directxtex\debug\directxtexdds.obj
d:\dateien\studium\ss_15\ged\maiermo\gedgame\projects\directxtex\directxtex\debug\directxtexd3d11.obj
d:\dateien\studium\ss_15\ged\maiermo\gedgame\projects\directxtex\directxtex\debug\directxtexconvert.obj
d:\dateien\studium\ss_15\ged\maiermo\gedgame\projects\directxtex\directxtex\debug\directxtexcompressgpu.obj
d:\dateien\studium\ss_15\ged\maiermo\gedgame\projects\directxtex\directxtex\debug\directxtexcompress.obj
d:\dateien\studium\ss_15\ged\maiermo\gedgame\projects\directxtex\directxtex\debug\bcdirectcompute.obj
d:\dateien\studium\ss_15\ged\maiermo\gedgame\projects\directxtex\directxtex\debug\bc6hbc7.obj
d:\dateien\studium\ss_15\ged\maiermo\gedgame\projects\directxtex\directxtex\debug\bc4bc5.obj
d:\dateien\studium\ss_15\ged\maiermo\gedgame\projects\directxtex\directxtex\debug\bc.obj
d:\dateien\studium\ss_15\ged\maiermo\gedgame\lib\win32\debug\directxtex.lib
d:\dateien\studium\ss_15\ged\maiermo\gedgame\lib\win32\debug\directxtex.pdb
d:\dateien\studium\ss_15\ged\maiermo\gedgame\projects\directxtex\directxtex\debug\directxtex.tlog\cl.command.1.tlog
d:\dateien\studium\ss_15\ged\maiermo\gedgame\projects\directxtex\directxtex\debug\directxtex.tlog\cl.read.1.tlog
d:\dateien\studium\ss_15\ged\maiermo\gedgame\projects\directxtex\directxtex\debug\directxtex.tlog\cl.write.1.tlog
d:\dateien\studium\ss_15\ged\maiermo\gedgame\projects\directxtex\directxtex\debug\directxtex.tlog\lib-link.read.1.tlog
d:\dateien\studium\ss_15\ged\maiermo\gedgame\projects\directxtex\directxtex\debug\directxtex.tlog\lib-link.write.1.tlog
d:\dateien\studium\ss_15\ged\maiermo\gedgame\projects\directxtex\directxtex\debug\directxtex.tlog\lib.command.1.tlog
